New Game
e2e4
e7e6
d2d4
d7d5
e4d5
e6d5
b1c3
g8f6
c1f4
f8d6
f4d6

New Game
e2e4
e7e6
d2d4
d7d5
e4d5
e6d5
b1c3
g8f6
c1f4
f8d6
Error f4d5
Error f4d5
Error f4d5
Error f4d5
Error f4d5
Error f4d5
Error f4d5
Error f4d5
Error f4d5
Error f4d5
Error f4d5
Error f4d5
Error f4d5
Error f4d5
Error f4d5
Error f4d5
Error f4d5
Error f4d5
Error f4d5
Error f4d5
Error f4d5
Error f4d5
Error f4d5
Error f4d5
Error f4d5
Error f4d5
Error f4d5
Error f4d5
Error f4d5
Error f4d5
Error f4d5
Error f4d5
Error f4d5
Error f4d5
Error f4d5
Error f4d5
Error f4d5
Error f4d5
Error f4d5
Error f4d5
Error f4d5
Error f4d5
Error f4d5
Error h1e2
Error h1e2
Error h2d7
Error h2d7
Error h2d7
Error h2d7
Error h2d7
Error h2d7
Error h2d7
Error h2d7
Error h2d7
Error h2d7
Error h2d7
Error h2d7
Error h2d7
Error h2d7
Error h2d7
Error h2d7
Error h2d7
Error h2d7
Error h2d7
Error h2d7
Error h2d7
Error h2d7
Error h2d7
Error h2d7
Error h2d7
Error h2d7
Error h2d7
Error h2d7
Error h2d7
Error h2d7
Error h2d7
Error h2d7
Error h2d7
Error h2d7
Error h2d7
Error h2d7
Error h2d7
Error h2d7
Error h2d7
Error h2d7
Error h2d7
Error h2d7
Error h2d7
Error h2d7
Error h2d7
Error h2d7
Error h2d7
Error h2d7
Error h2d7
Error h2d7
Error h2d7
Error h2d7
Error h2d7
Error h2d7
Error h2d7
Error h2d7
Error h2d7
Error h2d7
Error h2d7
Error h2d7
Error h2d7
Error h2d7
Error h2d7
Error h2d7
Error h2d7
Error h2d7
Error h2d7
Error h2d7
Error h2d7
Error h2d7
Error h2d7
Error h2d7
Error h2d7
Error h2d7
Error h2d7
Error h2d7
Error h2d7
Error h2d7
Error h2d7
Error h2d7
Error h2d7
Error h2d7
Error h2d7
Error h2d7
Error h2d7
Error h2d7
Error h2d7
Error h2d7
Error h2d7
Error h2d7
Error h2d7
Error h2d7
Error h2d7
Error h2d7
Error h2d7
Error h2d7
Error h2d7
Error h2d7
Error h2d7
Error h2d7
Error h2d7
Error h2d7
Error h2d7
Error h2d7
Error h2d7
Error h2d7
Error h2d7
Error h2d7
Error h2d7
Error h2d7
Error h2d7
Error h2d7
Error h2d7
Error h2d7
Error h2d7
Error h2d7
Error h2d7
Error h2d7
Error h2d7
Error h2d7
Error h2d7
Error h2d7
Error h2d7
Error h2d7
Error h2d7
Error h2d7
Error h2d7
Error h2d7
Error h2d7
Error h2d7
Error h2d7
Error h2d7
Error h2d7
Error h2d7
Error h2d7
Error h2d7
Error h2d7
Error h2d7
Error h2d7
Error h2d7
Error h2d7
Error h2d7
Error h2d7
Error h2d7
Error h2d7
Error h2d7
Error h2d7
Error h2d7
Error h2d7
Error h2d7
Error h2d7
Error h2d7
Error h2d7
Error h2d7
Error h2d7
Error h2d7
Error h2d7
Error h2d7
Error h2d7
Error h2d7
Error h2d7
Error h2d7
Error h2d7
Error h2d7
Error h2d7
Error h2d7
Error h2d7
Error h2d7
Error h2d7
Error h2d7
Error h2d7
Error h2d7
Error h2d7
Error h2d7
Error h2d7
Error h2d7
Error h2d7
Error h2d7
Error h2d7
Error h2d7
Error h2d7
Error h2d7
Error h2d7
Error h2d7
Error h2d7
Error h2d7
Error h2d7
Error h2d7
Error h2d7
Error h2d7
Error h2d7
Error h2d7
Error h2d7
Error h2d7
Error h2d7
Error h2d7
Error h2d7
Error h2d7
Error h2d7
Error h2d7
Error h2d7
Error h2d7
Error h2d7
Error h2d7
Error h2d7
Error h2d7
Error h2d7
Error h2d7
Error h2d7
Error h2d7
Error h2d7
Error h2d7
Error h2d7
Error h2d7
Error h2d7
Error h2d7
Error h2d7
Error h2d7
Error h2d7
Error h2d7
Error h2d7
Error h2d7
Error h2d7
Error h2d7
Error h2d7
Error h2d7
Error h2d7
Error h2d7
Error h2d7
Error h2d7
Error h2d7
Error h2d7
Error h2d7
Error h2d7
Error h2d7
Error h2d7
Error h2d7
Error h2d7
Error h2d7
Error h2d7
Error h2d7
Error h2d7
Error h2d7
Error h2d7
Error h2d7
Error h2d7
Error h2d7
Error h2d7
Error h2d7
Error h2d7
Error h2d7
Error h2d7
Error h2d7
Error h2d7
Error h2d7
Error h2d7
Error h2d7
Error h2d7
Error h2d7
Error h2d7
Error h2d7
Error h2d7
Error h2d7
Error h2d7
Error h2d7
Error h2d7
Error h2d7
Error h2d7
Error h2d7
Error h2d7
Error h2d7
Error h2d7
Error h2d7
Error h2d7
Error h2d7
Error h2d7
Error h2d7
Error h2d7
Error h2d7
Error h2d7
Error h2d7
Error h2d7
Error h2d7
Error h2d7
Error h2d7
Error h2d7
Error h2d7
Error h2d7
Error h2d7
Error h2d7
Error h2d7
Error h2d7
Error h2d7
Error h2d7
Error h2d7
Error h2d7
Error h2d7
Error h2d7
Error h2d7
Error h2d7
Error h2d7
Error h2d7
Error h2d7
Error h2d7
Error h2d7
Error h2d7
Error h2d7
Error h2d7
Error h2d7
Error h2d7
Error h2d7
Error h2d7
Error h2d7
Error h2d7
Error h2d7
Error h2d7
Error h2d7
Error h2d7
Error h2d7
Error h2d7
Error h2d7
Error h2d7
Error h2d7
Error h2d7
Error h2d7
Error h2d7
Error h2d7
Error h2d7
Error h2d7
Error h2d7
Error h2d7
Error h2d7
Error h2d7
Error h2d7
Error h2d7
Error h2d7
Error h2d7
Error h2d7
Error h2d7
Error h2d7
Error h2d7
Error h2d7
Error h2d7
Error h2d7
Error h2d7
Error h2d7
Error h2d7
Error h2d7
Error h2d7
Error h2d7
Error h2d7
Error h2d7
Error h2d7
Error h2d7
Error h2d7
Error h2d7
Error h2d7
Error h2d7
Error h2d7
Error h2d7
Error h2d7
Error h2d7
Error h2d7
Error h2d7
Error h2d7
Error h2d7
Error h2d7
Error h2d7
Error h2d7
Error h2d7
Error h2d7
Error h2d7
Error h2d7
Error h2d7
Error h2d7
Error h2d7
Error h2d7
Error h2d7
Error h2d7
Error h2d7
Error h2d7
Error h2d7
Error h2d7
Error h2d7
Error h2d7
Error h2d7
Error h2d7
Error h2d7
Error h2d7
Error h2d7
Error h2d7
Error h2d7
Error h2d7
Error h2d7
Error h2d7
Error h2d7
Error h2d7
Error h2d7
Error h2d7
Error h2d7
Error h2d7
Error h2d7
Error h2d7
Error h2d7
Error h2d7
Error h2d7
Error h2d7
Error h2d7
Error h2d7
Error h2d7
Error h2d7
Error h2d7
Error h2d7
Error h2d7
Error h2d7
Error h2d7
Error h2d7
Error h2d7
Error h2d7
Error h2d7
Error h2d7
Error h2d7
Error h2d7
Error h2d7
Error h2d7
Error h2d7
Error h2d7
Error h2d7
Error h2d7
Error h2d7
Error h2d7
Error h2d7
Error h2d7
Error h2d7
Error h2d7
Error h2d7
Error h2d7
Error h2d7
Error h2d7
Error h2d7
Error h2d7
Error h2d7
Error h2d7
Error h2d7
Error h2d7
Error h2d7
Error h2d7
Error h2d7
Error h2d7
Error h2d7
Error h2d7
Error h2d7
Error h2d7
Error h2d7
Error h2d7
Error h2d7
Error h2d7
Error h2d7
Error h2d7
Error h2d7
Error h2d7
Error h2d7
Error h2d7
Error h2d7
Error h2d7
Error h2d7
Error h2d7
Error h2d7
Error h2d7
Error h2d7
Error h2d7
Error h2d7
Error h2d7
Error h2d7
Error h2d7
Error h2d7
Error h2d7
Error h2d7
Error h2d7
Error h2d7
Error h2d7
Error h2d7
Error h2d7
Error h2d7
Error h2d7
Error h2d7
Error h2d7
Error h2d7
Error h2d7
Error h2d7
Error h2d7
Error h2d7
Error h2d7
Error h2d7
Error h2d7
Error h2d7
Error h2d7
Error h2d7
Error h2d7
Error h2d7
Error h2d7
Error h2d7
Error h2d7
Error h2d7
Error h2d7
Error h2d7
Error h2d7
Error h2d7
Error h2d7
Error h2d7
Error h2d7
Error h2d7
Error h2d7
Error h2d7
Error h2d7
Error h2d7
Error h2d7
Error h2d7
Error h2d7
Error h2d7
Error h2d7
Error h2d7
Error h2d7
Error h2d7
Error h2d7
Error h2d7
Error h2d7
Error h2d7
Error h2d7
Error h2d7
Error h2d7
Error h2d7
Error h2d7
Error h2d7
Error h2d7
Error h2d7
Error h2d7
Error h2d7
Error h2d7
Error h2d7
Error h2d7
Error h2d7
Error h2d7
Error h2d7
Error h2d7
Error h2d7
Error h2d7
Error h2d7
Error h2d7
Error h2d7
Error h2d7
Error h2d7
Error h2d7
Error h2d7
Error h2d7
Error h2d7
Error h2d7
Error h2d7
Error h2d7
Error h2d7
Error h2d7
Error h2d7
Error h2d7
Error h2d7
Error h2d7
Error h2d7
Error h2d7
Error h2d7
Error h2d7
Error h2d7
Error h2d7
Error h2d7
Error h2d7
Error h2d7
Error h2d7
Error h2d7
Error h2d7
Error h2d7
Error h2d7
Error h2d7
Error h2d7
Error h2d7
Error h2d7
Error h2d7
Error h2d7
Error h2d7
Error h2d7
Error h2d7
Error h2d7
Error h2d7
Error h2d7
Error h2d7
Error h2d7
Error h2d7
Error h2d7
Error h2d7
Error h2d7
Error h2d7
Error h2d7
Error h2d7
Error h2d7
Error h2d7
Error h2d7
Error h2d7
Error h2d7
Error h2d7
Error h2d7
Error h2d7
Error h2d7
Error h2d7
Error h2d7
Error h2d7
Error h2d7
Error h2d7
Error h2d7
Error h2d7
Error h2d7
Error h2d7
Error h2d7
Error h2d7
Error h2d7
Error h2d7
Error h2d7
Error h2d7
Error h2d7
Error h2d7
Error h2d7
Error h2d7
Error h2d7
Error h2d7
Error h2d7
Error h2d7
Error h2d7
Error h2d7
